<?xml version="1.0" encoding="UTF-8"?>
<testng-results ignored="0" total="1" passed="1" failed="0" skipped="0">
  <reporter-output>
  </reporter-output>
  <suite started-at="2023-12-05T19:41:06 IST" name="Default suite" finished-at="2023-12-05T19:41:23 IST" duration-ms="16375">
    <groups>
    </groups>
    <test started-at="2023-12-05T19:41:06 IST" name="Default test" finished-at="2023-12-05T19:41:23 IST" duration-ms="16375">
      <class name="test.Fbcreatetest">
        <test-method is-config="true" signature="setup()[pri:0, instance:test.Fbcreatetest@564fabc8]" started-at="2023-12-05T19:41:06 IST" name="setup" finished-at="2023-12-05T19:41:15 IST" duration-ms="8136" status="PASS">
          <reporter-output>
          </reporter-output>
        </test-method> <!-- setup -->
        <test-method is-config="true" signature="urlload()[pri:0, instance:test.Fbcreatetest@564fabc8]" started-at="2023-12-05T19:41:15 IST" name="urlload" finished-at="2023-12-05T19:41:18 IST" duration-ms="3714" status="PASS">
          <reporter-output>
          </reporter-output>
        </test-method> <!-- urlload -->
        <test-method signature="test()[pri:0, instance:test.Fbcreatetest@564fabc8]" started-at="2023-12-05T19:41:18 IST" name="test" finished-at="2023-12-05T19:41:23 IST" duration-ms="4493" status="PASS">
          <reporter-output>
          </reporter-output>
        </test-method> <!-- test -->
      </class> <!-- test.Fbcreatetest -->
    </test> <!-- Default test -->
  </suite> <!-- Default suite -->
</testng-results>
